<?xml version="1.0" encoding="UTF-8"?>
<!-- Generated by org.testng.reporters.JUnitReportReporter -->
<testsuite hostname="DESKTOP-REIFIRU" failures="0" tests="5" name="com.qa.honohr.TC_03_Leave" time="33.014" errors="0" timestamp="25 Jan 2021 02:14:53 GMT" skipped="0">
  <testcase classname="com.qa.honohr.TC_03_Leave" name="login" time="13.165"/>
  <testcase classname="com.qa.honohr.TC_03_Leave" name="clickMenu" time="1.116"/>
  <testcase classname="com.qa.honohr.TC_03_Leave" name="ClickOnCreateLeaveRequest" time="5.475"/>
  <testcase classname="com.qa.honohr.TC_03_Leave" name="applyForLeavePage" time="4.842"/>
  <testcase classname="com.qa.honohr.TC_03_Leave" name="datePicker" time="8.416"/>
</testsuite> <!-- com.qa.honohr.TC_03_Leave -->
