<?xml version="1.0" encoding="UTF-8"?>
<!-- Generated by org.testng.reporters.JUnitReportReporter -->
<testsuite hostname="DESKTOP-REIFIRU" failures="0" tests="4" name="com.qa.honohr.TC_04_Leave_Transactions" time="49.536" errors="0" timestamp="30 Aug 2020 17:10:23 GMT" skipped="0">
  <testcase classname="com.qa.honohr.TC_04_Leave_Transactions" name="login" time="38.710"/>
  <testcase classname="com.qa.honohr.TC_04_Leave_Transactions" name="clickMenu" time="3.258"/>
  <testcase classname="com.qa.honohr.TC_04_Leave_Transactions" name="clickToLeaveTransactions" time="5.550"/>
  <testcase classname="com.qa.honohr.TC_04_Leave_Transactions" name="clickToLeaveType" time="2.018"/>
</testsuite> <!-- com.qa.honohr.TC_04_Leave_Transactions -->
