<?xml version="1.0" encoding="UTF-8"?>
<!-- Generated by org.testng.reporters.JUnitReportReporter -->
<testsuite hostname="DESKTOP-REIFIRU" failures="0" tests="3" name="com.qa.honohr.Leave" time="14.776" errors="0" timestamp="03 Aug 2020 14:07:53 GMT" skipped="0">
  <testcase classname="com.qa.honohr.Leave" name="login" time="11.300"/>
  <testcase classname="com.qa.honohr.Leave" name="clickMenu" time="1.136"/>
  <testcase classname="com.qa.honohr.Leave" name="ClickOnCreateLeaveRequest" time="2.340"/>
</testsuite> <!-- com.qa.honohr.Leave -->
